<?xml version="1.0" encoding="UTF-8"?>
<testng-results skipped="0" failed="0" ignored="0" total="1" passed="1">
  <reporter-output>
  </reporter-output>
  <suite name="Default Suite" duration-ms="106" started-at="2022-10-26T09:08:51 EDT" finished-at="2022-10-26T09:08:51 EDT">
    <groups>
    </groups>
    <test name="TestNGDemo_Maven" duration-ms="106" started-at="2022-10-26T09:08:51 EDT" finished-at="2022-10-26T09:08:51 EDT">
      <class name="TestCases">
        <test-method status="PASS" signature="test1()[pri:0, instance:TestCases@6cc4c815]" name="test1" duration-ms="19" started-at="2022-10-26T09:08:51 EDT" finished-at="2022-10-26T09:08:51 EDT">
          <reporter-output>
          </reporter-output>
        </test-method> <!-- test1 -->
      </class> <!-- TestCases -->
    </test> <!-- TestNGDemo_Maven -->
  </suite> <!-- Default Suite -->
</testng-results>
